ANAT
URL: https://dalonline.dal.ca/PROD/fysktime.P_DisplaySchedule?s_term=201410,201420&s_crn=&s_subj=ANAT&s_numb=&n=1&s_district=100 
New Course:
ID: 1010
Title: Basic Human Anatomy
New Class
New Course:
ID: 1020
Title: Basic Human Anatomy
New Class
New Course:
ID: 1040
Title: Basic Human Anatomy
New Class
New Class
New Course:
ID: 2160
Title: Intro to Human Histology Crosslisted with BIOL 3430
New Class
New Class
New Course:
ID: 3421
Title: Comparative Vert. Histology Crosslisted with BIOL 3421
New Class
New Class
New Course:
ID: 5063
Title: Neurobio Auton Nerv Sys
New Class
New Course:
ID: 5100X
Title: Human Neuroanatomy
New Class
New Class
New Course:
ID: 5100Y
Title: Human Neuroanatomy
New Class
New Class
New Course:
